{"level":"error","message":"POST en /- 10:44:56 - Error al crear el producto"}
{"level":"error","message":"POST en /- 10:47:26 - Error al crear el producto"}
{"level":"error","message":"POST en /- 10:52:42 - Error al crear el producto"}
{"level":"error","message":"POST en /- 10:55:50 - Error al crear el producto"}
{"level":"error","message":"POST en /- 10:57:44 - Error al crear el producto"}
{"level":"error","message":"POST en /- 11:02:38 - Error al crear el producto"}
{"level":"error","message":"POST en /- 11:03:50 - Error al crear el producto"}
{"level":"error","message":"POST en /- 11:04:24 - Error al crear el producto"}
{"level":"error","message":"DELETE en /delete/644a775178aa1c3a9e8aabad- 20:17:36 - Error al eliminar el producto"}
{"level":"error","message":"DELETE en /delete/asdasdasrfsdafsdfsdfsdag- 20:22:58 - Error al eliminar el producto"}
{"level":"error","message":"POST en /login- 21:26:09 - Usuario no encontrado"}
{"level":"error","message":"POST en /login- 21:28:08 - Usuario no encontrado"}
{"level":"error","message":"POST en /login- 21:37:36 - Contraseña incorrecta"}
{"level":"error","message":"POST en /login- 21:41:12 - Usuario no encontrado"}
{"level":"error","message":"POST en /login- 22:54:20 - Usuario no encontrado"}
{"level":"error","message":"POST en /login- 22:54:38 - Contraseña incorrecta"}
{"level":"error","message":"POST en /register- 23:14:17 - Error al registrar el usuario"}
{"level":"error","message":"POST en /register- 23:14:17 - Error al loggear el usuario"}
{"level":"error","message":"POST en /register- 23:16:15 - Error al registrar el usuario"}
{"level":"error","message":"POST en /register- 23:17:23 - Error al registrar el usuario"}
{"level":"error","message":"POST en /register- 23:17:23 - Error al loggear el usuario"}
{"level":"error","message":"POST en /register- 23:20:46 - Error al registrar el usuario"}
{"level":"error","message":"POST en /register- 23:20:46 - Error al loggear el usuario"}
{"level":"error","message":"POST en /register- 23:20:58 - Error al loggear el usuario"}
{"level":"error","message":"POST en /register- 23:22:25 - Error al registrar el el usuario"}
{"level":"error","message":"POST en /register- 23:27:50 - Error al crear el usuario"}
{"level":"error","message":"POST en /register- 23:28:44 - Error al crear el usuario"}
{"level":"error","message":"POST en /register- 23:29:55 - Error al crear el usuario"}
{"level":"error","message":"POST en /register- 23:31:29 - Error al crear el usuario"}
{"level":"error","message":"POST en /register- 23:32:28 - Error al crear el usuario"}
{"level":"error","message":"POST en /register- 23:33:58 - Error al crear el usuario"}
{"level":"error","message":"POST en /- 06:38:36 - Error al crear el producto"}
{"level":"error","message":"POST en /- 06:39:33 - Error al crear el producto"}
{"level":"error","message":"POST en /- 06:42:46 - Error al crear el producto"}
{"level":"error","message":"POST en /- 06:44:43 - Error al crear el producto"}
{"level":"error","message":"POST en /- 06:46:18 - Error al crear el producto"}
{"level":"error","message":"POST en /- 06:47:35 - Error al crear el producto"}
{"level":"error","message":"POST en /- 06:48:13 - Error al crear el producto"}
{"level":"error","message":"POST en /- 06:50:45 - Error al crear el producto"}
{"level":"error","message":"POST en /- 06:53:36 - Error al crear el producto"}
{"level":"error","message":"POST en /- 06:56:48 - Error al crear el producto"}
{"level":"error","message":"POST en /- 06:59:43 - Error al crear el producto"}
